🔧 Browser Pool inițializat: MAX 2 browsere simultan (GC la fiecare 50 lansări)
✅ Încărcat JSON PROCENTE AUTOACTUAL
   Campionate: 26
   Data actualizare: vineri, 13 martie 2026 la 14:16:15


============================================================
   UNIVERSAL BACKFILL - Completare Meciuri Lipsa
============================================================
   Faza: 2
   Batch: 500
============================================================
[13.03.2026, 14:25:43] 
============================================================
[13.03.2026, 14:25:43] FAZA 2: EXTRACT MATCH STATS (API HTTP)
[13.03.2026, 14:25:43] Batch size: 500
[13.03.2026, 14:25:43] ============================================================
[13.03.2026, 14:25:44] 
   FAZA 2 COMPLETA: 0 meciuri procesate

============================================================
   SUMAR FINAL
============================================================
   Durata: 1.0s
   Descoperite (noi): 0
   Extrase: 0
   Salvate cu succes: 0
   Duplicate (skip): 0
   Skip sezon gresit: 0
   Date invalide: 0
   Erori: 0
============================================================
