🔧 Browser Pool inițializat: MAX 2 browsere simultan (GC la fiecare 50 lansări)
✅ Încărcat JSON PROCENTE AUTOACTUAL
   Campionate: 26
   Data actualizare: vineri, 13 martie 2026 la 14:16:15


============================================================
   UNIVERSAL BACKFILL - Completare Meciuri Lipsa
============================================================
   Faza: 2
   Batch: 500
============================================================
[13.03.2026, 14:20:00] 
============================================================
[13.03.2026, 14:20:00] FAZA 2: EXTRACT MATCH STATS (API HTTP)
[13.03.2026, 14:20:00] Batch size: 500
[13.03.2026, 14:20:00] ============================================================
[13.03.2026, 14:20:00] 
   FRANCE: Ligue 1 2024-2025: 6 meciuri de procesat

💾 SALVARE DATE MECI

============================================================
📋 Liga: FRANCE: Ligue 1
📅 Sezon: 2024-2025
⚽ Meci: Toulouse vs Marseille
   🔄 Convertit în format API SMART 4
   🔍 Găsit JSON existent (sezon exact): /home/florian/API SMART 5/data/seasons/complete_FULL_SEASON_Ligue1_2024-2025.json
📄 Fișier EXISTENT găsit: complete_FULL_SEASON_Ligue1_2024-2025.json
   ✅ Citesc date existente...
   ⚠️  Meciul există deja în JSON, SKIP salvare
[13.03.2026, 14:20:01]    [1/500] DUPLICAT: Toulouse vs Marseille

💾 SALVARE DATE MECI

============================================================
📋 Liga: FRANCE: Ligue 1
📅 Sezon: 2024-2025
⚽ Meci: Toulouse vs Marseille
   🔄 Convertit în format API SMART 4
   🔍 Găsit JSON existent (sezon exact): /home/florian/API SMART 5/data/seasons/complete_FULL_SEASON_Ligue1_2024-2025.json
📄 Fișier EXISTENT găsit: complete_FULL_SEASON_Ligue1_2024-2025.json
   ✅ Citesc date existente...
   ⚠️  Meciul există deja în JSON, SKIP salvare
[13.03.2026, 14:20:05]    [2/500] DUPLICAT: Toulouse vs Marseille

💾 SALVARE DATE MECI

============================================================
📋 Liga: FRANCE: Ligue 1
📅 Sezon: 2024-2025
⚽ Meci: Brest vs Le Havre
   🔄 Convertit în format API SMART 4
   🔍 Găsit JSON existent (sezon exact): /home/florian/API SMART 5/data/seasons/complete_FULL_SEASON_Ligue1_2024-2025.json
📄 Fișier EXISTENT găsit: complete_FULL_SEASON_Ligue1_2024-2025.json
   ✅ Citesc date existente...
   ⚠️  Meciul există deja în JSON, SKIP salvare
[13.03.2026, 14:20:09]    [3/500] DUPLICAT: Brest vs Le Havre

💾 SALVARE DATE MECI

============================================================
📋 Liga: FRANCE: Ligue 1
📅 Sezon: 2024-2025
⚽ Meci: Toulouse vs Marseille
   🔄 Convertit în format API SMART 4
   🔍 Găsit JSON existent (sezon exact): /home/florian/API SMART 5/data/seasons/complete_FULL_SEASON_Ligue1_2024-2025.json
📄 Fișier EXISTENT găsit: complete_FULL_SEASON_Ligue1_2024-2025.json
   ✅ Citesc date existente...
   ⚠️  Meciul există deja în JSON, SKIP salvare
[13.03.2026, 14:20:14]    [4/500] DUPLICAT: Toulouse vs Marseille

💾 SALVARE DATE MECI

============================================================
📋 Liga: FRANCE: Ligue 1
📅 Sezon: 2024-2025
⚽ Meci: Nice vs Rennes
   🔄 Convertit în format API SMART 4
   🔍 Găsit JSON existent (sezon exact): /home/florian/API SMART 5/data/seasons/complete_FULL_SEASON_Ligue1_2024-2025.json
📄 Fișier EXISTENT găsit: complete_FULL_SEASON_Ligue1_2024-2025.json
   ✅ Citesc date existente...
   ⚠️  Meciul există deja în JSON, SKIP salvare
[13.03.2026, 14:20:20]    [5/500] DUPLICAT: Nice vs Rennes

💾 SALVARE DATE MECI

============================================================
📋 Liga: FRANCE: Ligue 1
📅 Sezon: 2024-2025
⚽ Meci: Nantes vs Angers
   🔄 Convertit în format API SMART 4
   🔍 Găsit JSON existent (sezon exact): /home/florian/API SMART 5/data/seasons/complete_FULL_SEASON_Ligue1_2024-2025.json
📄 Fișier EXISTENT găsit: complete_FULL_SEASON_Ligue1_2024-2025.json
   ✅ Citesc date existente...
   ⚠️  Meciul există deja în JSON, SKIP salvare
[13.03.2026, 14:20:25]    [6/500] DUPLICAT: Nantes vs Angers
[13.03.2026, 14:20:28] 
   FRANCE: Ligue 1 2023-2024: 12 meciuri de procesat

💾 SALVARE DATE MECI

============================================================
📋 Liga: FRANCE: Ligue 1
📅 Sezon: 2023-2024
⚽ Meci: Brest vs Le Havre
   🔄 Convertit în format API SMART 4
   🔍 Găsit JSON existent (sezon exact): /home/florian/API SMART 5/data/seasons/complete_FULL_SEASON_Ligue1_2023-2024.json
📄 Fișier EXISTENT găsit: complete_FULL_SEASON_Ligue1_2023-2024.json
   ✅ Citesc date existente...
   ⚠️  Meciul există deja în JSON, SKIP salvare
[13.03.2026, 14:20:29]    [7/500] DUPLICAT: Brest vs Le Havre

💾 SALVARE DATE MECI

============================================================
📋 Liga: FRANCE: Ligue 1
📅 Sezon: 2023-2024
⚽ Meci: Lens vs Metz
   🔄 Convertit în format API SMART 4
   🔍 Găsit JSON existent (sezon exact): /home/florian/API SMART 5/data/seasons/complete_FULL_SEASON_Ligue1_2023-2024.json
📄 Fișier EXISTENT găsit: complete_FULL_SEASON_Ligue1_2023-2024.json
   ✅ Citesc date existente...
   ⚠️  Meciul există deja în JSON, SKIP salvare
[13.03.2026, 14:20:33]    [8/500] DUPLICAT: Lens vs Metz

💾 SALVARE DATE MECI

============================================================
📋 Liga: FRANCE: Ligue 1
📅 Sezon: 2023-2024
⚽ Meci: Lille vs Lorient
   🔄 Convertit în format API SMART 4
   🔍 Găsit JSON existent (sezon exact): /home/florian/API SMART 5/data/seasons/complete_FULL_SEASON_Ligue1_2023-2024.json
📄 Fișier EXISTENT găsit: complete_FULL_SEASON_Ligue1_2023-2024.json
   ✅ Citesc date existente...
   ⚠️  Meciul există deja în JSON, SKIP salvare
[13.03.2026, 14:20:38]    [9/500] DUPLICAT: Lille vs Lorient

💾 SALVARE DATE MECI

============================================================
📋 Liga: FRANCE: Ligue 1
📅 Sezon: 2023-2024
⚽ Meci: Toulouse vs Marseille
   🔄 Convertit în format API SMART 4
   🔍 Găsit JSON existent (sezon exact): /home/florian/API SMART 5/data/seasons/complete_FULL_SEASON_Ligue1_2023-2024.json
📄 Fișier EXISTENT găsit: complete_FULL_SEASON_Ligue1_2023-2024.json
   ✅ Citesc date existente...
   ⚠️  Meciul există deja în JSON, SKIP salvare
[13.03.2026, 14:20:42]    [10/500] DUPLICAT: Toulouse vs Marseille

💾 SALVARE DATE MECI

============================================================
📋 Liga: FRANCE: Ligue 1
📅 Sezon: 2023-2024
⚽ Meci: Toulouse vs Marseille
   🔄 Convertit în format API SMART 4
   🔍 Găsit JSON existent (sezon exact): /home/florian/API SMART 5/data/seasons/complete_FULL_SEASON_Ligue1_2023-2024.json
📄 Fișier EXISTENT găsit: complete_FULL_SEASON_Ligue1_2023-2024.json
   ✅ Citesc date existente...
   ⚠️  Meciul există deja în JSON, SKIP salvare
[13.03.2026, 14:20:48]    [11/500] DUPLICAT: Toulouse vs Marseille

💾 SALVARE DATE MECI

============================================================
📋 Liga: FRANCE: Ligue 1
📅 Sezon: 2023-2024
⚽ Meci: Brest vs Le Havre
   🔄 Convertit în format API SMART 4
   🔍 Găsit JSON existent (sezon exact): /home/florian/API SMART 5/data/seasons/complete_FULL_SEASON_Ligue1_2023-2024.json
📄 Fișier EXISTENT găsit: complete_FULL_SEASON_Ligue1_2023-2024.json
   ✅ Citesc date existente...
   ⚠️  Meciul există deja în JSON, SKIP salvare
[13.03.2026, 14:20:53]    [12/500] DUPLICAT: Brest vs Le Havre

💾 SALVARE DATE MECI

============================================================
📋 Liga: FRANCE: Ligue 1
📅 Sezon: 2023-2024
⚽ Meci: Nice vs Rennes
   🔄 Convertit în format API SMART 4
   🔍 Găsit JSON existent (sezon exact): /home/florian/API SMART 5/data/seasons/complete_FULL_SEASON_Ligue1_2023-2024.json
📄 Fișier EXISTENT găsit: complete_FULL_SEASON_Ligue1_2023-2024.json
   ✅ Citesc date existente...
   ⚠️  Meciul există deja în JSON, SKIP salvare
[13.03.2026, 14:20:59]    [13/500] DUPLICAT: Nice vs Rennes

💾 SALVARE DATE MECI

============================================================
📋 Liga: FRANCE: Ligue 1
📅 Sezon: 2023-2024
⚽ Meci: Lens vs Metz
   🔄 Convertit în format API SMART 4
   🔍 Găsit JSON existent (sezon exact): /home/florian/API SMART 5/data/seasons/complete_FULL_SEASON_Ligue1_2023-2024.json
📄 Fișier EXISTENT găsit: complete_FULL_SEASON_Ligue1_2023-2024.json
   ✅ Citesc date existente...
   ⚠️  Meciul există deja în JSON, SKIP salvare
[13.03.2026, 14:21:03]    [14/500] DUPLICAT: Lens vs Metz

💾 SALVARE DATE MECI

============================================================
📋 Liga: FRANCE: Ligue 1
📅 Sezon: 2023-2024
⚽ Meci: Lille vs Lorient
   🔄 Convertit în format API SMART 4
   🔍 Găsit JSON existent (sezon exact): /home/florian/API SMART 5/data/seasons/complete_FULL_SEASON_Ligue1_2023-2024.json
📄 Fișier EXISTENT găsit: complete_FULL_SEASON_Ligue1_2023-2024.json
   ✅ Citesc date existente...
   ⚠️  Meciul există deja în JSON, SKIP salvare
[13.03.2026, 14:21:08]    [15/500] DUPLICAT: Lille vs Lorient

💾 SALVARE DATE MECI

============================================================
📋 Liga: FRANCE: Ligue 1
📅 Sezon: 2023-2024
⚽ Meci: Nice vs Rennes
   🔄 Convertit în format API SMART 4
   🔍 Găsit JSON existent (sezon exact): /home/florian/API SMART 5/data/seasons/complete_FULL_SEASON_Ligue1_2023-2024.json
📄 Fișier EXISTENT găsit: complete_FULL_SEASON_Ligue1_2023-2024.json
   ✅ Citesc date existente...
   ⚠️  Meciul există deja în JSON, SKIP salvare
[13.03.2026, 14:21:14]    [16/500] DUPLICAT: Nice vs Rennes

💾 SALVARE DATE MECI

============================================================
📋 Liga: FRANCE: Ligue 1
📅 Sezon: 2023-2024
⚽ Meci: Lens vs Metz
   🔄 Convertit în format API SMART 4
   🔍 Găsit JSON existent (sezon exact): /home/florian/API SMART 5/data/seasons/complete_FULL_SEASON_Ligue1_2023-2024.json
📄 Fișier EXISTENT găsit: complete_FULL_SEASON_Ligue1_2023-2024.json
   ✅ Citesc date existente...
   ⚠️  Meciul există deja în JSON, SKIP salvare
[13.03.2026, 14:21:20]    [17/500] DUPLICAT: Lens vs Metz

💾 SALVARE DATE MECI

============================================================
📋 Liga: FRANCE: Ligue 1
📅 Sezon: 2023-2024
⚽ Meci: Nice vs Rennes
   🔄 Convertit în format API SMART 4
   🔍 Găsit JSON existent (sezon exact): /home/florian/API SMART 5/data/seasons/complete_FULL_SEASON_Ligue1_2023-2024.json
📄 Fișier EXISTENT găsit: complete_FULL_SEASON_Ligue1_2023-2024.json
   ✅ Citesc date existente...
   ⚠️  Meciul există deja în JSON, SKIP salvare
[13.03.2026, 14:21:26]    [18/500] DUPLICAT: Nice vs Rennes
[13.03.2026, 14:21:31] 
   TURKEY: Super Lig 2022-2023: 36 meciuri de procesat
[13.03.2026, 14:21:31]    [19/500] INVALID: 8Q5BvSDI - Validare esuata: Scor HT invalid: 54-1686161681; Scor HT gazda (54) > FT (0); Scor HT oaspete (1686161681) > FT (0); Doar 0/4 statistici FT valide; Posesie 0-0 (date suspecte); Doar 0/4 statistici HT valide
[13.03.2026, 14:21:36]    [20/500] INVALID: CbC2tlq6 - Validare esuata: Scor HT invalid: 54-1686173863; Scor HT gazda (54) > FT (0); Scor HT oaspete (1686173863) > FT (0); Doar 0/4 statistici FT valide; Posesie 0-0 (date suspecte); Doar 0/4 statistici HT valide
[13.03.2026, 14:21:42]    [21/500] INVALID: M9Jkqjam - Validare esuata: Scor HT invalid: 54-1685887327; Scor HT gazda (54) > FT (0); Scor HT oaspete (1685887327) > FT (0); Doar 0/4 statistici FT valide; Posesie 0-0 (date suspecte); Doar 0/4 statistici HT valide
[13.03.2026, 14:21:46]    [22/500] INVALID: hxvF2v08 - Validare esuata: Scor HT invalid: 54-1685887299; Scor HT gazda (54) > FT (0); Scor HT oaspete (1685887299) > FT (0); Doar 0/4 statistici FT valide; Posesie 0-0 (date suspecte); Doar 0/4 statistici HT valide
[13.03.2026, 14:21:51]    [23/500] INVALID: hG2vj1G2 - Validare esuata: Scor HT invalid: 54-1685441521; Scor HT gazda (54) > FT (0); Scor HT oaspete (1685441521) > FT (0); Doar 0/4 statistici FT valide; Posesie 0-0 (date suspecte); Doar 0/4 statistici HT valide
[13.03.2026, 14:21:56]    [24/500] INVALID: roLmTw9k - Validare esuata: Scor HT invalid: 54-1685441537; Scor HT gazda (54) > FT (0); Scor HT oaspete (1685441537) > FT (0); Doar 0/4 statistici FT valide; Posesie 0-0 (date suspecte); Doar 0/4 statistici HT valide
[13.03.2026, 14:22:01]    [25/500] INVALID: C2UHYaoS - Validare esuata: Scor HT invalid: 54-1684677698; Scor HT gazda (54) > FT (0); Scor HT oaspete (1684677698) > FT (0); Doar 0/4 statistici FT valide; Posesie 0-0 (date suspecte); Doar 0/4 statistici HT valide
[13.03.2026, 14:22:07]    [26/500] INVALID: YBVDZuWL - Validare esuata: Scor HT invalid: 54-1684677666; Scor HT gazda (54) > FT (0); Scor HT oaspete (1684677666) > FT (0); Doar 0/4 statistici FT valide; Posesie 0-0 (date suspecte); Doar 0/4 statistici HT valide
[13.03.2026, 14:22:12]    [27/500] INVALID: QR3OOOH3 - Validare esuata: Scor HT invalid: 54-1684341714; Scor HT gazda (54) > FT (0); Scor HT oaspete (1684341714) > FT (0); Doar 0/4 statistici FT valide; Posesie 0-0 (date suspecte); Doar 0/4 statistici HT valide
[13.03.2026, 14:22:16]    [28/500] INVALID: K85vLtHS - Validare esuata: Scor HT invalid: 54-1684341829; Scor HT gazda (54) > FT (0); Scor HT oaspete (1684341829) > FT (0); Doar 0/4 statistici FT valide; Posesie 0-0 (date suspecte); Doar 0/4 statistici HT valide
[13.03.2026, 14:22:22]    [29/500] INVALID: rqnYD73o - Validare esuata: Scor HT invalid: 54-1683468446; Scor HT gazda (54) > FT (0); Scor HT oaspete (1683468446) > FT (0); Doar 0/4 statistici FT valide; Posesie 0-0 (date suspecte); Doar 0/4 statistici HT valide
[13.03.2026, 14:22:26]    [30/500] INVALID: Obsg9qIG - Validare esuata: Scor HT invalid: 54-1683468462; Scor HT gazda (54) > FT (0); Scor HT oaspete (1683468462) > FT (0); Doar 0/4 statistici FT valide; Posesie 0-0 (date suspecte); Doar 0/4 statistici HT valide
[13.03.2026, 14:22:32]    [31/500] INVALID: U1uM6jdI - Validare esuata: Scor HT invalid: 54-1682937188; Scor HT gazda (54) > FT (0); Scor HT oaspete (1682937188) > FT (0); Doar 0/4 statistici FT valide; Posesie 0-0 (date suspecte); Doar 0/4 statistici HT valide
[13.03.2026, 14:22:37]    [32/500] INVALID: xnRCAYdg - Validare esuata: Scor HT invalid: 54-1682937167; Scor HT gazda (54) > FT (0); Scor HT oaspete (1682937167) > FT (0); Doar 0/4 statistici FT valide; Posesie 0-0 (date suspecte); Doar 0/4 statistici HT valide
[13.03.2026, 14:22:41]    [33/500] INVALID: jD7e4czK - Validare esuata: Scor HT invalid: 54-1682259517; Scor HT gazda (54) > FT (0); Scor HT oaspete (1682259517) > FT (0); Doar 0/4 statistici FT valide; Posesie 0-0 (date suspecte); Doar 0/4 statistici HT valide
[13.03.2026, 14:22:46]    ... Pauza lunga dupa 15 meciuri ...
[13.03.2026, 14:23:05]    [34/500] INVALID: rBnzcFSg - Validare esuata: Scor HT invalid: 54-1682259550; Scor HT gazda (54) > FT (0); Scor HT oaspete (1682259550) > FT (0); Doar 0/4 statistici FT valide; Posesie 0-0 (date suspecte); Doar 0/4 statistici HT valide
[13.03.2026, 14:23:10]    [35/500] INVALID: xA3i5wLD - Validare esuata: Scor HT invalid: 54-1681986148; Scor HT gazda (54) > FT (0); Scor HT oaspete (1681986148) > FT (0); Doar 0/4 statistici FT valide; Posesie 0-0 (date suspecte); Doar 0/4 statistici HT valide
[13.03.2026, 14:23:16]    [36/500] INVALID: Q1daGLD8 - Validare esuata: Scor HT invalid: 54-1681677616; Scor HT gazda (54) > FT (0); Scor HT oaspete (1681677616) > FT (0); Doar 0/4 statistici FT valide; Posesie 0-0 (date suspecte); Doar 0/4 statistici HT valide
[13.03.2026, 14:23:20]    [37/500] INVALID: 8QPYa0TR - Validare esuata: Scor HT invalid: 54-1681678294; Scor HT gazda (54) > FT (0); Scor HT oaspete (1681678294) > FT (0); Doar 0/4 statistici FT valide; Posesie 0-0 (date suspecte); Doar 0/4 statistici HT valide
[13.03.2026, 14:23:25]    [38/500] INVALID: KUEZtLMk - Validare esuata: Scor HT invalid: 54-1681332215; Scor HT gazda (54) > FT (0); Scor HT oaspete (1681332215) > FT (0); Doar 0/4 statistici FT valide; Posesie 0-0 (date suspecte); Doar 0/4 statistici HT valide
[13.03.2026, 14:23:30]    [39/500] INVALID: CbWP1MbF - Validare esuata: Scor HT invalid: 54-1681332258; Scor HT gazda (54) > FT (0); Scor HT oaspete (1681332258) > FT (0); Doar 0/4 statistici FT valide; Posesie 0-0 (date suspecte); Doar 0/4 statistici HT valide
[13.03.2026, 14:23:34]    [40/500] INVALID: dl5p3Bwh - Validare esuata: Scor HT invalid: 54-1680445310; Scor HT gazda (54) > FT (0); Scor HT oaspete (1680445310) > FT (0); Doar 0/4 statistici FT valide; Posesie 0-0 (date suspecte); Doar 0/4 statistici HT valide
[13.03.2026, 14:23:39]    [41/500] INVALID: U1RWqlwU - Validare esuata: Scor HT invalid: 54-1680445359; Scor HT gazda (54) > FT (0); Scor HT oaspete (1680445359) > FT (0); Doar 0/4 statistici FT valide; Posesie 0-0 (date suspecte); Doar 0/4 statistici HT valide
[13.03.2026, 14:23:43]    [42/500] INVALID: hGGhWU8U - Validare esuata: Scor HT invalid: 54-1679257946; Scor HT gazda (54) > FT (0); Scor HT oaspete (1679257946) > FT (0); Doar 0/4 statistici FT valide; Posesie 0-0 (date suspecte); Doar 0/4 statistici HT valide
[13.03.2026, 14:23:48]    [43/500] INVALID: Q9UFmWw5 - Validare esuata: Scor HT invalid: 54-1679258163; Scor HT gazda (54) > FT (0); Scor HT oaspete (1679258163) > FT (0); Doar 0/4 statistici FT valide; Posesie 0-0 (date suspecte); Doar 0/4 statistici HT valide
[13.03.2026, 14:23:54]    [44/500] INVALID: AXKXzgfa - Validare esuata: Scor HT invalid: 54-1678747736; Scor HT gazda (54) > FT (0); Scor HT oaspete (1678747736) > FT (0); Doar 0/4 statistici FT valide; Posesie 0-0 (date suspecte); Doar 0/4 statistici HT valide
[13.03.2026, 14:23:59]    [45/500] INVALID: AJuaMgu6 - Validare esuata: Scor HT invalid: 54-1678049440; Scor HT gazda (54) > FT (0); Scor HT oaspete (1678049440) > FT (0); Doar 0/4 statistici FT valide; Posesie 0-0 (date suspecte); Doar 0/4 statistici HT valide
[13.03.2026, 14:24:03]    [46/500] INVALID: nLzKVcIJ - Validare esuata: Scor HT invalid: 54-1678049529; Scor HT gazda (54) > FT (0); Scor HT oaspete (1678049529) > FT (0); Doar 0/4 statistici FT valide; Posesie 0-0 (date suspecte); Doar 0/4 statistici HT valide

💾 SALVARE DATE MECI

============================================================
📋 Liga: TURKEY: Super Lig
📅 Sezon: 2022-2023
⚽ Meci: Kayserispor vs Trabzonspor
   🔄 Convertit în format API SMART 4
   🔍 Găsit JSON existent (sezon exact): /home/florian/API SMART 5/data/seasons/complete_FULL_SEASON_TURKEYSuperLig_2022-2023.json
📄 Fișier EXISTENT găsit: complete_FULL_SEASON_TURKEYSuperLig_2022-2023.json
   ✅ Citesc date existente...
   ⚠️  Meciul există deja în JSON, SKIP salvare
[13.03.2026, 14:24:08]    [47/500] DUPLICAT: Kayserispor vs Trabzonspor
[13.03.2026, 14:24:13]    [48/500] INVALID: z1DLweAt - Validare esuata: Scor HT invalid: 54-1678747098; Scor HT gazda (54) > FT (0); Scor HT oaspete (1678747098) > FT (0); Doar 0/4 statistici FT valide; Posesie 0-0 (date suspecte); Doar 0/4 statistici HT valide
[13.03.2026, 14:24:16]    ... Pauza lunga dupa 30 meciuri ...

💾 SALVARE DATE MECI

============================================================
📋 Liga: TURKEY: Super Lig
📅 Sezon: 2022-2023
⚽ Meci: Hatayspor vs Sivasspor
   🔄 Convertit în format API SMART 4
   🔍 Găsit JSON existent (sezon exact): /home/florian/API SMART 5/data/seasons/complete_FULL_SEASON_TURKEYSuperLig_2022-2023.json
📄 Fișier EXISTENT găsit: complete_FULL_SEASON_TURKEYSuperLig_2022-2023.json
   ✅ Citesc date existente...
   ⚠️  Meciul există deja în JSON, SKIP salvare
[13.03.2026, 14:24:42]    [49/500] DUPLICAT: Hatayspor vs Sivasspor

💾 SALVARE DATE MECI

============================================================
📋 Liga: TURKEY: Super Lig
📅 Sezon: 2022-2023
⚽ Meci: Kayserispor vs Trabzonspor
   🔄 Convertit în format API SMART 4
   🔍 Găsit JSON existent (sezon exact): /home/florian/API SMART 5/data/seasons/complete_FULL_SEASON_TURKEYSuperLig_2022-2023.json
📄 Fișier EXISTENT găsit: complete_FULL_SEASON_TURKEYSuperLig_2022-2023.json
   ✅ Citesc date existente...
   ⚠️  Meciul există deja în JSON, SKIP salvare
[13.03.2026, 14:24:47]    [50/500] DUPLICAT: Kayserispor vs Trabzonspor

💾 SALVARE DATE MECI

============================================================
📋 Liga: TURKEY: Super Lig
📅 Sezon: 2022-2023
⚽ Meci: Konyaspor vs Kasimpasa
   🔄 Convertit în format API SMART 4
   🔍 Găsit JSON existent (sezon exact): /home/florian/API SMART 5/data/seasons/complete_FULL_SEASON_TURKEYSuperLig_2022-2023.json
📄 Fișier EXISTENT găsit: complete_FULL_SEASON_TURKEYSuperLig_2022-2023.json
   ✅ Citesc date existente...
   ⚠️  Meciul există deja în JSON, SKIP salvare
[13.03.2026, 14:24:52]    [51/500] DUPLICAT: Konyaspor vs Kasimpasa

💾 SALVARE DATE MECI

============================================================
📋 Liga: TURKEY: Super Lig
📅 Sezon: 2022-2023
⚽ Meci: Konyaspor vs Kasimpasa
   🔄 Convertit în format API SMART 4
   🔍 Găsit JSON existent (sezon exact): /home/florian/API SMART 5/data/seasons/complete_FULL_SEASON_TURKEYSuperLig_2022-2023.json
📄 Fișier EXISTENT găsit: complete_FULL_SEASON_TURKEYSuperLig_2022-2023.json
   ✅ Citesc date existente...
   ⚠️  Meciul există deja în JSON, SKIP salvare
[13.03.2026, 14:24:56]    [52/500] DUPLICAT: Konyaspor vs Kasimpasa

💾 SALVARE DATE MECI

============================================================
📋 Liga: TURKEY: Super Lig
📅 Sezon: 2022-2023
⚽ Meci: Kayserispor vs Trabzonspor
   🔄 Convertit în format API SMART 4
   🔍 Găsit JSON existent (sezon exact): /home/florian/API SMART 5/data/seasons/complete_FULL_SEASON_TURKEYSuperLig_2022-2023.json
📄 Fișier EXISTENT găsit: complete_FULL_SEASON_TURKEYSuperLig_2022-2023.json
   ✅ Citesc date existente...
   ⚠️  Meciul există deja în JSON, SKIP salvare
[13.03.2026, 14:25:01]    [53/500] DUPLICAT: Kayserispor vs Trabzonspor

💾 SALVARE DATE MECI

============================================================
📋 Liga: TURKEY: Super Lig
📅 Sezon: 2022-2023
⚽ Meci: Konyaspor vs Kasimpasa
   🔄 Convertit în format API SMART 4
   🔍 Găsit JSON existent (sezon exact): /home/florian/API SMART 5/data/seasons/complete_FULL_SEASON_TURKEYSuperLig_2022-2023.json
📄 Fișier EXISTENT găsit: complete_FULL_SEASON_TURKEYSuperLig_2022-2023.json
   ✅ Citesc date existente...
   ⚠️  Meciul există deja în JSON, SKIP salvare
[13.03.2026, 14:25:06]    [54/500] DUPLICAT: Konyaspor vs Kasimpasa
[13.03.2026, 14:25:11] 
   FAZA 2 COMPLETA: 54 meciuri procesate

============================================================
   SUMAR FINAL
============================================================
   Durata: 316.4s
   Descoperite (noi): 0
   Extrase: 54
   Salvate cu succes: 0
   Duplicate (skip): 25
   Skip sezon gresit: 0
   Date invalide: 29
   Erori: 0
============================================================
